<?xml version="1.0" encoding="UTF-8"?>
<!-- Generated by org.testng.reporters.JUnitXMLReporter -->
<testsuite ignored="0" hostname="Saiprasad" failures="0" tests="10" name="Default test" time="63.96" errors="0" timestamp="2022-09-15T22:04:50 IST">
  <testcase classname="TestNgPractice.TestNgTask2" name="loginbt" time="0.298"/>
  <testcase classname="TestNgPractice.TestNgTask2" name="registerbt" time="0.166"/>
  <testcase classname="TestNgPractice.TestNgTask2" name="Iframe" time="3.087"/>
  <testcase classname="TestNgPractice.TestNgTask2" name="mono" time="3.239"/>
  <testcase classname="TestNgPractice.TestNgTask2" name="continuebt" time="3.335"/>
  <testcase classname="TestNgPractice.TestNgTask2" name="emailin" time="3.259"/>
  <testcase classname="TestNgPractice.TestNgTask2" name="namein" time="3.272"/>
  <testcase classname="TestNgPractice.TestNgTask2" name="DOBin" time="3.885"/>
  <testcase classname="TestNgPractice.TestNgTask2" name="passwordin" time="3.241"/>
  <testcase classname="TestNgPractice.TestNgTask2" name="clickcont" time="3.361"/>
</testsuite> <!-- Default test -->
