<?xml version="1.0" encoding="UTF-8"?>
<testng-results ignored="0" total="1" passed="1" failed="0" skipped="0">
  <reporter-output>
  </reporter-output>
  <suite started-at="2022-09-17T20:26:47 IST" name="Default suite" finished-at="2022-09-17T20:27:25 IST" duration-ms="38270">
    <groups>
    </groups>
    <test started-at="2022-09-17T20:26:47 IST" name="Default test" finished-at="2022-09-17T20:27:25 IST" duration-ms="38270">
      <class name="TestNgPractice.practice10">
        <test-method signature="BrowserSet()[pri:0, instance:TestNgPractice.practice10@2d52216b]" started-at="2022-09-17T20:26:47 IST" name="BrowserSet" finished-at="2022-09-17T20:27:25 IST" duration-ms="38066" status="PASS">
          <reporter-output>
          </reporter-output>
        </test-method> <!-- BrowserSet -->
      </class> <!-- TestNgPractice.practice10 -->
    </test> <!-- Default test -->
  </suite> <!-- Default suite -->
</testng-results>
